build/intermediates/manifest_merge_blame_file/debug/manifest-merger-blame-debug-report.txt
1<?xml version="1.0" encoding="utf-8"?>
2<manifest xmlns:android="http://schemas.android.com/apk/res/android"
3    package="a.tlib"
4    android:versionCode="101"
5    android:versionName="1.5.6.4" >
6
7    <uses-sdk
8        android:minSdkVersion="21"
8-->src\main\AndroidManifest.xml
9        android:targetSdkVersion="29" />
9-->src\main\AndroidManifest.xml
10
11    <application>
11-->src\main\AndroidManifest.xml:4:5-25:19
12
13        <!-- 华为扫码 -->
14        <activity android:name="com.huawei.hms.hmsscankit.ScanKitActivity" />
14-->src\main\AndroidManifest.xml:6:9-78
14-->src\main\AndroidManifest.xml:6:19-75
15        <!-- 沉浸状态栏适配 -->
16        <!-- 适配华为（huawei）刘海屏 -->
17        <meta-data
17-->src\main\AndroidManifest.xml:9:9-11:36
18            android:name="android.notch_support"
18-->src\main\AndroidManifest.xml:10:13-49
19            android:value="true" /> <!-- 适配小米（xiaomi）刘海屏 -->
19-->src\main\AndroidManifest.xml:11:13-33
20        <meta-data
20-->src\main\AndroidManifest.xml:12:9-14:50
21            android:name="notch.config"
21-->src\main\AndroidManifest.xml:13:13-40
22            android:value="portrait|landscape" /> <!-- 全面屏适配 -->
22-->src\main\AndroidManifest.xml:14:13-47
23        <meta-data
23-->src\main\AndroidManifest.xml:15:9-17:35
24            android:name="android.max_aspect"
24-->src\main\AndroidManifest.xml:16:13-46
25            android:value="2.4" />
25-->src\main\AndroidManifest.xml:17:13-32
26        <!-- autosize适配 -->
27        <meta-data
27-->src\main\AndroidManifest.xml:19:9-21:36
28            android:name="design_width_in_dp"
28-->src\main\AndroidManifest.xml:20:13-46
29            android:value="1080" />
29-->src\main\AndroidManifest.xml:21:13-33
30        <meta-data
30-->src\main\AndroidManifest.xml:22:9-24:36
31            android:name="design_height_in_dp"
31-->src\main\AndroidManifest.xml:23:13-47
32            android:value="1920" />
32-->src\main\AndroidManifest.xml:24:13-33
33    </application>
34
35</manifest>